Started GET "/" for 127.0.0.1 at 2022-11-18 22:45:38 +0100
Processing by HelloController#index as HTML
  Rendering layout layouts/application.html.erb
  Rendering hello/index.html.erb within layouts/application
  Rendered hello/index.html.erb within layouts/application (Duration: 0.6ms | Allocations: 463)
  Rendered layout layouts/application.html.erb (Duration: 11.3ms | Allocations: 7116)
Completed 200 OK in 14ms (Views: 13.5ms | ActiveRecord: 0.0ms | Allocations: 9333)


Started GET "/" for 127.0.0.1 at 2022-11-19 13:56:21 +0100
Processing by MainController#index as HTML
  Rendering layout layouts/application.html.erb
  Rendering main/index.html.erb within layouts/application
  Rendered main/index.html.erb within layouts/application (Duration: 1.0ms | Allocations: 462)
  Rendered layout layouts/application.html.erb (Duration: 7.7ms | Allocations: 3938)
Completed 200 OK in 14ms (Views: 10.9ms | ActiveRecord: 0.0ms | Allocations: 7319)


Started GET "/" for 127.0.0.1 at 2022-11-21 20:16:11 +0100
Processing by MainController#index as HTML
  Rendering layout layouts/application.html.erb
  Rendering main/index.html.erb within layouts/application
  Rendered main/index.html.erb within layouts/application (Duration: 0.8ms | Allocations: 462)
  Rendered layout layouts/application.html.erb (Duration: 7.5ms | Allocations: 3927)
Completed 200 OK in 14ms (Views: 10.5ms | ActiveRecord: 0.0ms | Allocations: 7308)


Started GET "/sign_up" for 127.0.0.1 at 2022-11-21 20:16:18 +0100
  
ActionController::RoutingError (uninitialized constant RegistrationController
Did you mean?  RegistrationControllers):
  
Started GET "/sign_up" for 127.0.0.1 at 2022-11-21 20:17:38 +0100
  
ActionController::RoutingError (uninitialized constant RegistrationController
Did you mean?  RegistrationsControllers):
  
Started GET "/sign_up" for 127.0.0.1 at 2022-11-21 20:18:25 +0100
  
ActionController::RoutingError (uninitialized constant RegistrationController
Did you mean?  RegistrationsControllers):
  
Started GET "/sign_up" for 127.0.0.1 at 2022-11-21 20:18:26 +0100
  
ActionController::RoutingError (uninitialized constant RegistrationController
Did you mean?  RegistrationsControllers):
  
Started GET "/sign_up" for 127.0.0.1 at 2022-11-21 20:18:27 +0100
  
ActionController::RoutingError (uninitialized constant RegistrationController
Did you mean?  RegistrationsControllers):
  
Started GET "/sign_up" for 127.0.0.1 at 2022-11-21 20:20:27 +0100
Processing by RegistrationsController#new as HTML
Completed 500 Internal Server Error in 3ms (Allocations: 1759)


  
NameError (uninitialized constant RegistrationsController::User):
  
app/controllers/registrations_controller.rb:3:in `new'
Started GET "/sign_up" for 127.0.0.1 at 2022-11-21 20:21:48 +0100
Processing by RegistrationsController#new as HTML
  Rendering layout layouts/application.html.erb
  Rendering registrations/new.html.erb within layouts/application
  Rendered registrations/new.html.erb within layouts/application (Duration: 0.4ms | Allocations: 141)
  Rendered layout layouts/application.html.erb (Duration: 2.0ms | Allocations: 1516)
Completed 200 OK in 3ms (Views: 2.8ms | Allocations: 2422)


Started GET "/sign_up" for 127.0.0.1 at 2022-11-21 20:28:04 +0100
Processing by RegistrationsController#new as HTML
  Rendering layout layouts/application.html.erb
  Rendering registrations/new.html.erb within layouts/application
  Rendered registrations/new.html.erb within layouts/application (Duration: 2.5ms | Allocations: 1182)
  Rendered layout layouts/application.html.erb (Duration: 4.5ms | Allocations: 2461)
Completed 200 OK in 7ms (Views: 6.0ms | Allocations: 3563)


Started GET "/sign_up" for 127.0.0.1 at 2022-11-21 20:28:57 +0100
Processing by RegistrationsController#new as HTML
  Rendering layout layouts/application.html.erb
  Rendering registrations/new.html.erb within layouts/application
  Rendered registrations/new.html.erb within layouts/application (Duration: 2.7ms | Allocations: 937)
  Rendered layout layouts/application.html.erb (Duration: 5.7ms | Allocations: 2213)
Completed 200 OK in 8ms (Views: 7.7ms | Allocations: 3199)


Started GET "/sign_up" for 127.0.0.1 at 2022-11-21 20:34:57 +0100
Processing by RegistrationsController#new as HTML
  Rendering layout layouts/application.html.erb
  Rendering registrations/new.html.erb within layouts/application
  Rendered registrations/new.html.erb within layouts/application (Duration: 3.5ms | Allocations: 901)
  Rendered layout layouts/application.html.erb (Duration: 7.0ms | Allocations: 2177)
Completed 200 OK in 12ms (Views: 10.9ms | Allocations: 3164)


Started GET "/sign_up" for 127.0.0.1 at 2022-11-21 20:34:58 +0100
Processing by RegistrationsController#new as HTML
  Rendering layout layouts/application.html.erb
  Rendering registrations/new.html.erb within layouts/application
  Rendered registrations/new.html.erb within layouts/application (Duration: 1.0ms | Allocations: 518)
  Rendered layout layouts/application.html.erb (Duration: 2.6ms | Allocations: 1451)
Completed 200 OK in 3ms (Views: 3.1ms | Allocations: 1676)


Started GET "/sign_up" for 127.0.0.1 at 2022-11-21 20:34:59 +0100
Processing by RegistrationsController#new as HTML
  Rendering layout layouts/application.html.erb
  Rendering registrations/new.html.erb within layouts/application
  Rendered registrations/new.html.erb within layouts/application (Duration: 1.2ms | Allocations: 524)
  Rendered layout layouts/application.html.erb (Duration: 3.6ms | Allocations: 1457)
Completed 200 OK in 4ms (Views: 4.2ms | Allocations: 1668)


Started GET "/sign_up" for 127.0.0.1 at 2022-11-21 20:36:26 +0100
Processing by RegistrationsController#new as HTML
  Rendering layout layouts/application.html.erb
  Rendering registrations/new.html.erb within layouts/application
  Rendered registrations/new.html.erb within layouts/application (Duration: 1.8ms | Allocations: 1198)
  Rendered layout layouts/application.html.erb (Duration: 2.1ms | Allocations: 1282)
Completed 500 Internal Server Error in 3ms (Allocations: 2241)


  
ActionView::Template::Error (undefined method `password' for #<ActionView::Helpers::FormBuilder:0x00007f0d1c5a91c0 @nested_child_index={}, @options={:allow_method_names_outside_object=>true, :skip_default_ids=>false}, @template=#<ActionView::Base:0x00000000006130>, @object=nil, @object_name=nil, @default_options={:skip_default_ids=>false, :allow_method_names_outside_object=>true}, @default_html_options={}, @multipart=nil, @index=nil>
Did you mean?  password_field):
    1: <h1> Sign up and registrations </h1>
    2: 
    3: <%= form_with model: @user, url: sign_up_path do |form| =%>
    4:     <%= form.text_field :email %>
    5:     <%= form.password :password %>
    6:     <%= form.password :password_confirmation %>
    7: <% end %>
  
app/views/registrations/new.html.erb:4
app/views/registrations/new.html.erb:3
Started GET "/sign_up" for 127.0.0.1 at 2022-11-21 20:39:24 +0100
Processing by RegistrationsController#new as HTML
  Rendering layout layouts/application.html.erb
  Rendering registrations/new.html.erb within layouts/application
  Rendered registrations/new.html.erb within layouts/application (Duration: 2.1ms | Allocations: 1031)
  Rendered layout layouts/application.html.erb (Duration: 4.1ms | Allocations: 2362)
Completed 200 OK in 7ms (Views: 5.6ms | Allocations: 3344)


Started GET "/sign_up" for 127.0.0.1 at 2022-11-21 20:46:27 +0100
Processing by RegistrationsController#new as HTML
  Rendering layout layouts/application.html.erb
  Rendering registrations/new.html.erb within layouts/application
  Rendered registrations/new.html.erb within layouts/application (Duration: 1.4ms | Allocations: 921)
  Rendered layout layouts/application.html.erb (Duration: 3.8ms | Allocations: 2201)
Completed 200 OK in 5ms (Views: 4.8ms | Allocations: 3217)


Started GET "/sign_up" for 127.0.0.1 at 2022-11-21 20:53:47 +0100
Processing by RegistrationsController#new as HTML
  Rendering layout layouts/application.html.erb
  Rendering registrations/new.html.erb within layouts/application
  Rendered registrations/new.html.erb within layouts/application (Duration: 8.3ms | Allocations: 3400)
  Rendered layout layouts/application.html.erb (Duration: 8.5ms | Allocations: 3484)
Completed 500 Internal Server Error in 10ms (Allocations: 4443)


  
ActionView::Template::Error (undefined local variable or method `confirmation' for #<ActionView::Base:0x00000000006478>):
     7:     <div class="mb-3>
     8:         <%= form.password_field :password, class: "form-control" %>
     9:     </div>
    10:     <div class="mb-3>
    11:         <%= form.password_field :password-confirmation, class: "form-control" %>
    12:     </div>
    13: <% end %>
  
app/views/registrations/new.html.erb:10
app/views/registrations/new.html.erb:3
Started GET "/sign_up" for 127.0.0.1 at 2022-11-21 20:54:09 +0100
Processing by RegistrationsController#new as HTML
  Rendering layout layouts/application.html.erb
  Rendering registrations/new.html.erb within layouts/application
  Rendered registrations/new.html.erb within layouts/application (Duration: 10.1ms | Allocations: 3386)
  Rendered layout layouts/application.html.erb (Duration: 10.3ms | Allocations: 3470)
Completed 500 Internal Server Error in 12ms (Allocations: 4424)


  
ActionView::Template::Error (undefined local variable or method `confirmation' for #<ActionView::Base:0x00000000006608>):
     7:     <div class="mb-3">
     8:         <%= form.password_field :password, class: "form-control" %>
     9:     </div>
    10:     <div class="mb-3">
    11:         <%= form.password_field :password-confirmation, class: "form-control" %>
    12:     </div>
    13: <% end %>
  
app/views/registrations/new.html.erb:10
app/views/registrations/new.html.erb:3
Started GET "/sign_up" for 127.0.0.1 at 2022-11-21 20:54:41 +0100
Processing by RegistrationsController#new as HTML
  Rendering layout layouts/application.html.erb
  Rendering registrations/new.html.erb within layouts/application
  Rendered registrations/new.html.erb within layouts/application (Duration: 2.6ms | Allocations: 948)
  Rendered layout layouts/application.html.erb (Duration: 4.6ms | Allocations: 2235)
Completed 200 OK in 6ms (Views: 5.6ms | Allocations: 3217)


Started GET "/sign_up" for 127.0.0.1 at 2022-11-21 20:57:15 +0100
Processing by RegistrationsController#new as HTML
  Rendering layout layouts/application.html.erb
  Rendering registrations/new.html.erb within layouts/application
  Rendered registrations/new.html.erb within layouts/application (Duration: 0.8ms | Allocations: 337)
  Rendered layout layouts/application.html.erb (Duration: 1.0ms | Allocations: 422)
Completed 500 Internal Server Error in 3ms (Allocations: 1386)


  
ActionView::SyntaxErrorInTemplate (Encountered a syntax error while rendering template: check <h1> Sign up and registrations </h1>

<%= form_with model: @user, url: sign_up_path do |form| =%>
    <%= form.label : email%>
    <div class="mb-3">
        <%= form.text_field :email, class: "form-control" %>
    </div>
    <div class="mb-3">
        <%= form.password_field :password, class: "form-control" %>
    </div>
    <div class="mb-3">
        <%= form.password_field :password_confirmation, class: "form-control" %>
    </div>
<% end %>
):
1:    <h1> Sign up and registrations </h1>
2:    
3:    <%= form_with model: @user, url: sign_up_path do |form| =%>
4:        <%= form.label : email%>
5:        <div class="mb-3">
6:            <%= form.text_field :email, class: "form-control" %>
7:        </div>
8:        <div class="mb-3">
9:            <%= form.password_field :password, class: "form-control" %>
10:        </div>
11:        <div class="mb-3">
12:            <%= form.password_field :password_confirmation, class: "form-control" %>
13:        </div>
14:    <% end %>
  
app/views/registrations/new.html.erb:3: syntax error, unexpected ':'
app/views/registrations/new.html.erb:3: syntax error, unexpected ':'
app/views/registrations/new.html.erb:3: syntax error, unexpected ':'
app/views/registrations/new.html.erb:3: syntax error, unexpected ':'
Started GET "/sign_up" for 127.0.0.1 at 2022-11-21 20:57:59 +0100
Processing by RegistrationsController#new as HTML
  Rendering layout layouts/application.html.erb
  Rendering registrations/new.html.erb within layouts/application
  Rendered registrations/new.html.erb within layouts/application (Duration: 7.8ms | Allocations: 3453)
  Rendered layout layouts/application.html.erb (Duration: 9.7ms | Allocations: 4773)
Completed 200 OK in 11ms (Views: 10.8ms | Allocations: 5755)


Started GET "/sign_up" for 127.0.0.1 at 2022-11-21 20:58:47 +0100
Processing by RegistrationsController#new as HTML
  Rendering layout layouts/application.html.erb
  Rendering registrations/new.html.erb within layouts/application
  Rendered registrations/new.html.erb within layouts/application (Duration: 2.4ms | Allocations: 1292)
  Rendered layout layouts/application.html.erb (Duration: 4.9ms | Allocations: 2571)
Completed 200 OK in 7ms (Views: 6.1ms | Allocations: 3585)


Started GET "/sign_up" for 127.0.0.1 at 2022-11-21 21:00:29 +0100
Processing by RegistrationsController#new as HTML
  Rendering layout layouts/application.html.erb
  Rendering registrations/new.html.erb within layouts/application
  Rendered registrations/new.html.erb within layouts/application (Duration: 1.5ms | Allocations: 1299)
  Rendered layout layouts/application.html.erb (Duration: 4.5ms | Allocations: 2578)
Completed 200 OK in 6ms (Views: 5.7ms | Allocations: 3565)


Started GET "/sign_up" for 127.0.0.1 at 2022-11-21 21:09:18 +0100
Processing by RegistrationsController#new as HTML
  Rendering layout layouts/application.html.erb
  Rendering registrations/new.html.erb within layouts/application
  Rendered registrations/new.html.erb within layouts/application (Duration: 2.2ms | Allocations: 1527)
  Rendered layout layouts/application.html.erb (Duration: 3.9ms | Allocations: 2805)
Completed 200 OK in 6ms (Views: 5.5ms | Allocations: 3792)


Started POST "/sign_up" for 127.0.0.1 at 2022-11-21 21:09:25 +0100
  
ActionController::RoutingError (No route matches [POST] "/sign_up"):
  
Started POST "/sign_up" for 127.0.0.1 at 2022-11-21 21:09:34 +0100
  
ActionController::RoutingError (No route matches [POST] "/sign_up"):
  
Started GET "/sign_up" for 127.0.0.1 at 2022-11-21 21:09:36 +0100
Processing by RegistrationsController#new as HTML
  Rendering layout layouts/application.html.erb
  Rendering registrations/new.html.erb within layouts/application
  Rendered registrations/new.html.erb within layouts/application (Duration: 1.1ms | Allocations: 1012)
  Rendered layout layouts/application.html.erb (Duration: 2.2ms | Allocations: 2039)
Completed 200 OK in 3ms (Views: 2.8ms | Allocations: 2281)


Started GET "/sign_up" for 127.0.0.1 at 2022-11-21 21:09:44 +0100
Processing by RegistrationsController#new as HTML
  Rendering layout layouts/application.html.erb
  Rendering registrations/new.html.erb within layouts/application
  Rendered registrations/new.html.erb within layouts/application (Duration: 1.3ms | Allocations: 959)
  Rendered layout layouts/application.html.erb (Duration: 2.9ms | Allocations: 1892)
Completed 200 OK in 3ms (Views: 3.2ms | Allocations: 2103)


Started GET "/sign_up" for 127.0.0.1 at 2022-11-21 21:10:55 +0100
Processing by RegistrationsController#new as HTML
  Rendering layout layouts/application.html.erb
  Rendering registrations/new.html.erb within layouts/application
  Rendered registrations/new.html.erb within layouts/application (Duration: 1.8ms | Allocations: 1394)
  Rendered layout layouts/application.html.erb (Duration: 4.1ms | Allocations: 2672)
Completed 200 OK in 6ms (Views: 5.1ms | Allocations: 3640)


Started GET "/sign_up" for 127.0.0.1 at 2022-11-21 21:11:43 +0100
Processing by RegistrationsController#new as HTML
  Rendering layout layouts/application.html.erb
  Rendering registrations/new.html.erb within layouts/application
  Rendered registrations/new.html.erb within layouts/application (Duration: 2.2ms | Allocations: 1415)
  Rendered layout layouts/application.html.erb (Duration: 5.4ms | Allocations: 2693)
Completed 200 OK in 7ms (Views: 6.8ms | Allocations: 3680)


Started POST "/sign_up" for 127.0.0.1 at 2022-11-21 21:11:45 +0100
  
ActionController::RoutingError (No route matches [POST] "/sign_up"):
  
Started POST "/sign_up" for 127.0.0.1 at 2022-11-21 21:15:58 +0100
  
ActionController::RoutingError (No route matches [POST] "/sign_up"):
  
Started GET "/sign_up" for 127.0.0.1 at 2022-11-21 21:16:12 +0100
Processing by RegistrationsController#new as HTML
  Rendering layout layouts/application.html.erb
  Rendering registrations/new.html.erb within layouts/application
  Rendered registrations/new.html.erb within layouts/application (Duration: 1.5ms | Allocations: 1123)
  Rendered layout layouts/application.html.erb (Duration: 3.0ms | Allocations: 2227)
Completed 200 OK in 5ms (Views: 4.3ms | Allocations: 3035)


Started POST "/sign_up" for 127.0.0.1 at 2022-11-21 21:16:15 +0100
  
ActionController::RoutingError (No route matches [POST] "/sign_up"):
  
Started GET "/sign_up" for 127.0.0.1 at 2022-11-21 21:16:17 +0100
Processing by RegistrationsController#new as HTML
  Rendering layout layouts/application.html.erb
  Rendering registrations/new.html.erb within layouts/application
  Rendered registrations/new.html.erb within layouts/application (Duration: 1.3ms | Allocations: 909)
  Rendered layout layouts/application.html.erb (Duration: 2.3ms | Allocations: 1842)
Completed 200 OK in 3ms (Views: 2.6ms | Allocations: 2066)


Started POST "/sign_up" for 127.0.0.1 at 2022-11-21 21:16:34 +0100
  
ActionController::RoutingError (No route matches [POST] "/sign_up"):
  
Started GET "/sign_up" for 127.0.0.1 at 2022-11-21 21:21:06 +0100
Processing by RegistrationsController#new as HTML
  Rendering layout layouts/application.html.erb
  Rendering registrations/new.html.erb within layouts/application
  Rendered registrations/new.html.erb within layouts/application (Duration: 1.2ms | Allocations: 900)
  Rendered layout layouts/application.html.erb (Duration: 2.3ms | Allocations: 1833)
Completed 200 OK in 3ms (Views: 2.6ms | Allocations: 2044)


  [1m[35m (5.3ms)[0m  [1m[35mCREATE TABLE "schema_migrations" ("version" varchar NOT NULL PRIMARY KEY)[0m
  [1m[35m (4.7ms)[0m  [1m[35mCREATE TABLE "ar_internal_metadata" ("key" varchar NOT NULL PRIMARY KEY, "value" varchar, "created_at" datetime(6) NOT NULL, "updated_at" datetime(6) NOT NULL)[0m
  [1m[36mActiveRecord::SchemaMigration Pluck (0.1ms)[0m  [1m[34mSELECT "schema_migrations"."version" FROM "schema_migrations" ORDER BY "schema_migrations"."version" ASC[0m
Migrating to CreateUsers (20221121203418)
  [1m[36mTRANSACTION (0.0ms)[0m  [1m[36mbegin transaction[0m
  [1m[35m (0.2ms)[0m  [1m[35mCREATE TABLE "users" ("id" integer PRIMARY KEY AUTOINCREMENT NOT NULL, "email" varchar, "password_diges" varchar, "created_at" datetime(6) NOT NULL, "updated_at" datetime(6) NOT NULL)[0m
  [1m[36mActiveRecord::SchemaMigration Create (0.2ms)[0m  [1m[32mINSERT INTO "schema_migrations" ("version") VALUES (?)[0m  [["version", "20221121203418"]]
  [1m[36mTRANSACTION (6.2ms)[0m  [1m[36mcommit transaction[0m
  [1m[36mActiveRecord::InternalMetadata Load (0.1ms)[0m  [1m[34mSELECT "ar_internal_metadata".* FROM "ar_internal_metadata" WHERE "ar_internal_metadata"."key" = ? LIMIT ?[0m  [["key", "environment"], ["LIMIT", 1]]
  [1m[36mTRANSACTION (0.0ms)[0m  [1m[36mbegin transaction[0m
  [1m[36mActiveRecord::InternalMetadata Create (0.2ms)[0m  [1m[32mINSERT INTO "ar_internal_metadata" ("key", "value", "created_at", "updated_at") VALUES (?, ?, ?, ?)[0m  [["key", "environment"], ["value", "development"], ["created_at", "2022-11-21 20:34:34.699617"], ["updated_at", "2022-11-21 20:34:34.699617"]]
  [1m[36mTRANSACTION (3.3ms)[0m  [1m[36mcommit transaction[0m
  [1m[36mActiveRecord::SchemaMigration Pluck (0.1ms)[0m  [1m[34mSELECT "schema_migrations"."version" FROM "schema_migrations" ORDER BY "schema_migrations"."version" ASC[0m
  [1m[36mUser Load (0.1ms)[0m  [1m[34mSELECT "users".* FROM "users"[0m
  [1m[36mUser Load (0.3ms)[0m  [1m[34mSELECT "users".* FROM "users"[0m
  [1m[36mActiveRecord::SchemaMigration Pluck (0.2ms)[0m  [1m[34mSELECT "schema_migrations"."version" FROM "schema_migrations" ORDER BY "schema_migrations"."version" ASC[0m
  [1m[36mActiveRecord::InternalMetadata Load (0.2ms)[0m  [1m[34mSELECT "ar_internal_metadata".* FROM "ar_internal_metadata" WHERE "ar_internal_metadata"."key" = ? LIMIT ?[0m  [["key", "environment"], ["LIMIT", 1]]
  [1m[36mActiveRecord::SchemaMigration Pluck (0.1ms)[0m  [1m[34mSELECT "schema_migrations"."version" FROM "schema_migrations" ORDER BY "schema_migrations"."version" ASC[0m
  [1m[36mUser Load (0.1ms)[0m  [1m[34mSELECT "users".* FROM "users"[0m
  [1m[36mUser Load (0.3ms)[0m  [1m[34mSELECT "users".* FROM "users"[0m
  [1m[36mUser Load (0.2ms)[0m  [1m[34mSELECT "users".* FROM "users"[0m
Started GET "/sign_up" for 127.0.0.1 at 2022-11-21 22:55:48 +0100
  [1m[36mActiveRecord::SchemaMigration Pluck (0.1ms)[0m  [1m[34mSELECT "schema_migrations"."version" FROM "schema_migrations" ORDER BY "schema_migrations"."version" ASC[0m
Processing by RegistrationsController#new as HTML
  Rendering layout layouts/application.html.erb
  Rendering registrations/new.html.erb within layouts/application
  Rendered registrations/new.html.erb within layouts/application (Duration: 10.5ms | Allocations: 6761)
  Rendered layout layouts/application.html.erb (Duration: 14.3ms | Allocations: 9898)
Completed 200 OK in 19ms (Views: 16.7ms | ActiveRecord: 0.0ms | Allocations: 13279)


Started POST "/sign_up" for 127.0.0.1 at 2022-11-21 22:55:52 +0100
  
ActionController::RoutingError (No route matches [POST] "/sign_up"):
  
  [1m[35m (0.7ms)[0m  [1m[35mDROP TABLE "User"[0m
  [1m[36mUser Load (0.7ms)[0m  [1m[34mSELECT "users".* FROM "users"[0m
  [1m[36mActiveRecord::SchemaMigration Pluck (0.1ms)[0m  [1m[34mSELECT "schema_migrations"."version" FROM "schema_migrations" ORDER BY "schema_migrations"."version" ASC[0m
  [1m[36mActiveRecord::InternalMetadata Pluck (0.1ms)[0m  [1m[34mSELECT "ar_internal_metadata"."value" FROM "ar_internal_metadata" WHERE "ar_internal_metadata"."key" = ? LIMIT ?[0m  [["key", "environment"], ["LIMIT", 1]]
  [1m[36mActiveRecord::SchemaMigration Pluck (0.0ms)[0m  [1m[34mSELECT "schema_migrations"."version" FROM "schema_migrations" ORDER BY "schema_migrations"."version" ASC[0m
  [1m[36mActiveRecord::InternalMetadata Pluck (0.0ms)[0m  [1m[34mSELECT "ar_internal_metadata"."value" FROM "ar_internal_metadata" WHERE "ar_internal_metadata"."key" = ? LIMIT ?[0m  [["key", "environment"], ["LIMIT", 1]]
  [1m[36mActiveRecord::SchemaMigration Pluck (0.0ms)[0m  [1m[34mSELECT "schema_migrations"."version" FROM "schema_migrations" ORDER BY "schema_migrations"."version" ASC[0m
  [1m[36mActiveRecord::InternalMetadata Pluck (0.1ms)[0m  [1m[34mSELECT "ar_internal_metadata"."value" FROM "ar_internal_metadata" WHERE "ar_internal_metadata"."key" = ? LIMIT ?[0m  [["key", "environment"], ["LIMIT", 1]]
  [1m[35m (4.9ms)[0m  [1m[35mCREATE TABLE "schema_migrations" ("version" varchar NOT NULL PRIMARY KEY)[0m
  [1m[35m (6.0ms)[0m  [1m[35mCREATE TABLE "ar_internal_metadata" ("key" varchar NOT NULL PRIMARY KEY, "value" varchar, "created_at" datetime(6) NOT NULL, "updated_at" datetime(6) NOT NULL)[0m
  [1m[36mActiveRecord::SchemaMigration Pluck (0.2ms)[0m  [1m[34mSELECT "schema_migrations"."version" FROM "schema_migrations" ORDER BY "schema_migrations"."version" ASC[0m
Migrating to CreateUsers (20221121203418)
  [1m[36mTRANSACTION (0.1ms)[0m  [1m[36mbegin transaction[0m
  [1m[35m (0.2ms)[0m  [1m[35mCREATE TABLE "users" ("id" integer PRIMARY KEY AUTOINCREMENT NOT NULL, "email" varchar, "password_diges" varchar, "created_at" datetime(6) NOT NULL, "updated_at" datetime(6) NOT NULL)[0m
  [1m[36mActiveRecord::SchemaMigration Create (0.2ms)[0m  [1m[32mINSERT INTO "schema_migrations" ("version") VALUES (?)[0m  [["version", "20221121203418"]]
  [1m[36mTRANSACTION (4.3ms)[0m  [1m[36mcommit transaction[0m
  [1m[36mActiveRecord::InternalMetadata Load (0.1ms)[0m  [1m[34mSELECT "ar_internal_metadata".* FROM "ar_internal_metadata" WHERE "ar_internal_metadata"."key" = ? LIMIT ?[0m  [["key", "environment"], ["LIMIT", 1]]
  [1m[36mTRANSACTION (0.0ms)[0m  [1m[36mbegin transaction[0m
  [1m[36mActiveRecord::InternalMetadata Create (0.2ms)[0m  [1m[32mINSERT INTO "ar_internal_metadata" ("key", "value", "created_at", "updated_at") VALUES (?, ?, ?, ?)[0m  [["key", "environment"], ["value", "development"], ["created_at", "2022-11-21 23:30:09.532764"], ["updated_at", "2022-11-21 23:30:09.532764"]]
  [1m[36mTRANSACTION (3.7ms)[0m  [1m[36mcommit transaction[0m
  [1m[36mActiveRecord::SchemaMigration Pluck (0.2ms)[0m  [1m[34mSELECT "schema_migrations"."version" FROM "schema_migrations" ORDER BY "schema_migrations"."version" ASC[0m
  [1m[36mUser Load (0.2ms)[0m  [1m[34mSELECT "users".* FROM "users"[0m
Started GET "/" for 127.0.0.1 at 2022-11-22 00:32:28 +0100
  [1m[36mActiveRecord::SchemaMigration Pluck (0.1ms)[0m  [1m[34mSELECT "schema_migrations"."version" FROM "schema_migrations" ORDER BY "schema_migrations"."version" ASC[0m
Processing by MainController#index as HTML
  Rendering layout layouts/application.html.erb
  Rendering main/index.html.erb within layouts/application
  Rendered main/index.html.erb within layouts/application (Duration: 0.7ms | Allocations: 461)
  Rendered layout layouts/application.html.erb (Duration: 6.9ms | Allocations: 4040)
Completed 200 OK in 11ms (Views: 9.2ms | ActiveRecord: 0.0ms | Allocations: 7422)


Started GET "/sign_up" for 127.0.0.1 at 2022-11-22 00:32:34 +0100
Processing by RegistrationsController#new as HTML
  Rendering layout layouts/application.html.erb
  Rendering registrations/new.html.erb within layouts/application
  Rendered registrations/new.html.erb within layouts/application (Duration: 9.7ms | Allocations: 6676)
  Rendered layout layouts/application.html.erb (Duration: 11.0ms | Allocations: 7785)
Completed 200 OK in 30ms (Views: 11.8ms | ActiveRecord: 1.1ms | Allocations: 24921)


Started POST "/sign_up" for 127.0.0.1 at 2022-11-22 00:32:37 +0100
  
ActionController::RoutingError (No route matches [POST] "/sign_up"):
  
Started POST "/sign_up" for 127.0.0.1 at 2022-11-22 00:35:02 +0100
  
ActionController::RoutingError (No route matches [POST] "/sign_up"):
  
Started GET "/sign_up" for 127.0.0.1 at 2022-11-22 00:35:05 +0100
Processing by RegistrationsController#new as HTML
  Rendering layout layouts/application.html.erb
  Rendering registrations/new.html.erb within layouts/application
  Rendered registrations/new.html.erb within layouts/application (Duration: 2.2ms | Allocations: 1224)
  Rendered layout layouts/application.html.erb (Duration: 4.3ms | Allocations: 2259)
Completed 200 OK in 5ms (Views: 4.9ms | ActiveRecord: 0.0ms | Allocations: 2526)


Started POST "/sign_up" for 127.0.0.1 at 2022-11-22 00:35:18 +0100
  
ActionController::RoutingError (No route matches [POST] "/sign_up"):
  
Started POST "/sign_up" for 127.0.0.1 at 2022-11-22 00:35:46 +0100
Processing by RegistrationsController#create as HTML
  Parameters: {"authenticity_token"=>"[FILTERED]", "user"=>{"email"=>"asmir@gmail.com", "password"=>"[FILTERED]", "password_confirmation"=>"[FILTERED]"}, "commit"=>"Sign up"}
  Rendering text template
  Rendered text template (Duration: 0.1ms | Allocations: 9)
Completed 200 OK in 4ms (Views: 3.0ms | Allocations: 1237)


